<?xml version="1.0" encoding="UTF-8"?>
<testsuite xmlns:xsi="http://www.w3.org/2001/XMLSchema-instance" xsi:noNamespaceSchemaLocation="https://maven.apache.org/surefire/maven-surefire-plugin/xsd/surefire-test-report-3.0.xsd" version="3.0" name="com.grupo6.UserServiceTest" time="2.872" tests="3" errors="0" skipped="0" failures="0">
  <properties>
[...]
</properties>
  <testcase name="testNoEnviarCorreosAdicionales" classname="com.grupo6.UserServiceTest" time="2.845"/>
  <testcase name="testRegistrarMultiplesUsuarios" classname="com.grupo6.UserServiceTest" time="0.007"/>
  <testcase name="testRegistrarUsuarioEnviaCorreo" classname="com.grupo6.UserServiceTest" time="0.005"/>
</testsuite>